<?xml version="1.0" encoding="UTF-8"?>
<testsuite name="functional" tests="2" skipped="0" failures="0" errors="0" timestamp="2016-12-09T17:51:35" hostname="Nelsons-MacBook-Pro.local" time="5.605">
  <properties/>
  <testcase name="accessNotofications" classname="functional" time="5.281"/>
  <testcase name="accessMoments" classname="functional" time="5.605"/>
  <system-out><![CDATA[]]></system-out>
  <system-err><![CDATA[Starting ChromeDriver 2.25.426935 (820a95b0b81d33e42712f9198c215f703412e1a1) on port 37141
Starting ChromeDriver 2.25.426935 (820a95b0b81d33e42712f9198c215f703412e1a1) on port 21118
Only local connections are allowed.
Only local connections are allowed.
Dec 09, 2016 9:51:36 AM org.openqa.selenium.remote.ProtocolHandshake createSession
INFO: Attempting bi-dialect session, assuming Postel's Law holds true on the remote end
Dec 09, 2016 9:51:36 AM org.openqa.selenium.remote.ProtocolHandshake createSession
INFO: Attempting bi-dialect session, assuming Postel's Law holds true on the remote end
Dec 09, 2016 9:51:36 AM org.openqa.selenium.remote.ProtocolHandshake createSession
INFO: Detected dialect: OSS
Dec 09, 2016 9:51:36 AM org.openqa.selenium.remote.ProtocolHandshake createSession
INFO: Detected dialect: OSS
]]></system-err>
</testsuite>
